nohup: ignoring input
Using cuda device
(13276, 4)
(679, 4)
fake_no_1_rmse: 0.06803316053279836
(13276, 4)
(679, 4)
fake_no_2_rmse: 0.07159248372579494
(13276, 4)
(679, 4)
fake_no_3_rmse: 0.0662648838976817
(13276, 4)
(679, 4)
fake_no_4_rmse: 0.06453456890889266
(13276, 4)
(679, 4)
fake_no_5_rmse: 0.07208135866525567
(13276, 4)
(679, 4)
fake_no_6_rmse: 0.06910830637621967
(13276, 4)
(679, 4)
fake_no_7_rmse: 0.06535046928351798
(13276, 4)
(679, 4)
fake_no_8_rmse: 0.06835450839700885
(13276, 4)
(679, 4)
fake_no_9_rmse: 0.06940863474099163
(13276, 4)
(679, 4)
fake_no_10_rmse: 0.07233150431790915
